<?xml version="1.0" encoding="UTF-8"?>
<testsuite name="kr.ac.jejunu.userdao.UserDaoTests" tests="3" skipped="0" failures="0" errors="0" timestamp="2021-04-22T14:45:25" hostname="gangmin-aui-MacBookPro.local" time="0.456">
  <properties/>
  <testcase name="testGet()" classname="kr.ac.jejunu.userdao.UserDaoTests" time="0.346"/>
  <testcase name="testInsert()" classname="kr.ac.jejunu.userdao.UserDaoTests" time="0.049"/>
  <testcase name="testUpdate()" classname="kr.ac.jejunu.userdao.UserDaoTests" time="0.059"/>
  <system-out><![CDATA[]]></system-out>
  <system-err><![CDATA[]]></system-err>
</testsuite>
