<?xml version="1.0" encoding="UTF-8"?>
<testsuite name="kr.ac.jejunu.userdao.UserDaoTests" tests="4" skipped="0" failures="0" errors="0" timestamp="2021-04-22T19:38:13" hostname="gangmin-aui-MacBookPro.local" time="0.588">
  <properties/>
  <testcase name="testGet()" classname="kr.ac.jejunu.userdao.UserDaoTests" time="0.353"/>
  <testcase name="testDelete()" classname="kr.ac.jejunu.userdao.UserDaoTests" time="0.118"/>
  <testcase name="testInsert()" classname="kr.ac.jejunu.userdao.UserDaoTests" time="0.049"/>
  <testcase name="testUpdate()" classname="kr.ac.jejunu.userdao.UserDaoTests" time="0.066"/>
  <system-out><![CDATA[]]></system-out>
  <system-err><![CDATA[]]></system-err>
</testsuite>
