<?xml version="1.0" encoding="UTF-8"?>
<testsuite name="kr.ac.jejunu.userdao.UserDaoTests" tests="4" skipped="0" failures="0" errors="0" timestamp="2021-04-22T04:49:31" hostname="gangmin-aui-MacBookPro.local" time="0.588">
  <properties/>
  <testcase name="testGetHalla()" classname="kr.ac.jejunu.userdao.UserDaoTests" time="0.422"/>
  <testcase name="testGet()" classname="kr.ac.jejunu.userdao.UserDaoTests" time="0.03"/>
  <testcase name="testInsertHalla()" classname="kr.ac.jejunu.userdao.UserDaoTests" time="0.079"/>
  <testcase name="testInsert()" classname="kr.ac.jejunu.userdao.UserDaoTests" time="0.054"/>
  <system-out><![CDATA[]]></system-out>
  <system-err><![CDATA[]]></system-err>
</testsuite>
